<?xml version="1.0" encoding="UTF-8"?>
<testng-results ignored="0" total="1" passed="1" failed="0" skipped="0">
  <reporter-output>
  </reporter-output>
  <suite started-at="2020-05-19T14:42:02 EEST" name="UdemyWeb" finished-at="2020-05-19T14:42:23 EEST" duration-ms="20537">
    <groups>
    </groups>
    <test started-at="2020-05-19T14:42:02 EEST" name="Registration tests" finished-at="2020-05-19T14:42:23 EEST" duration-ms="20537">
      <class name="com.udemy.RegistrationTest">
        <test-method is-config="true" signature="openBrowser()[pri:0, instance:com.udemy.RegistrationTest@6ef888f6]" started-at="2020-05-19T14:42:02 EEST" name="openBrowser" description="Open browser" finished-at="2020-05-19T14:42:06 EEST" duration-ms="3145" status="PASS">
          <reporter-output>
          </reporter-output>
        </test-method> <!-- openBrowser -->
        <test-method signature="registrationWithValidData()[pri:0, instance:com.udemy.RegistrationTest@6ef888f6]" started-at="2020-05-19T14:42:06 EEST" name="registrationWithValidData" description="Registration with valid data" finished-at="2020-05-19T14:42:23 EEST" duration-ms="17135" status="PASS">
          <reporter-output>
          </reporter-output>
        </test-method> <!-- registrationWithValidData -->
        <test-method is-config="true" signature="quitBrowser()[pri:0, instance:com.udemy.RegistrationTest@6ef888f6]" started-at="2020-05-19T14:42:23 EEST" name="quitBrowser" description="Quit Browser" finished-at="2020-05-19T14:42:23 EEST" duration-ms="209" status="PASS">
          <reporter-output>
          </reporter-output>
        </test-method> <!-- quitBrowser -->
      </class> <!-- com.udemy.RegistrationTest -->
    </test> <!-- Registration tests -->
  </suite> <!-- UdemyWeb -->
</testng-results>
