<?xml version="1.0" encoding="UTF-8"?>
<testsuite xmlns:xsi="http://www.w3.org/2001/XMLSchema-instance" xsi:noNamespaceSchemaLocation="https://maven.apache.org/surefire/maven-surefire-plugin/xsd/surefire-test-report-3.0.xsd" version="3.0" name="TestSuite" time="37.553" tests="2" errors="0" skipped="0" failures="1">
  <properties>
[...]
</properties>
  <testcase name="registrationWithValidData" classname="com.udemy.RegistrationTest" time="20.177"/>
  <testcase name="loginTest" classname="com.udemy.LoginTest" time="9.394">
    <failure message="Expected condition failed: waiting for visibility of element located by By.xpath: //input[@name=&apos;email&apos;] (tried for 5 second(s) with 500 milliseconds interval)" type="org.openqa.selenium.TimeoutException"><![CDATA[org.openqa.selenium.TimeoutException: Expected condition failed: waiting for visibility of element located by By.xpath: //input[@name='email'] (tried for 5 second(s) with 500 milliseconds interval)
	at com.udemy.LoginTest.loginTest(LoginTest.java:24)
Caused by: org.openqa.selenium.NoSuchElementException: 
no such element: Unable to locate element: {"method":"xpath","selector":"//input[@name='email']"}
  (Session info: chrome=81.0.4044.138)
For documentation on this error, please visit: https://www.seleniumhq.org/exceptions/no_such_element.html
Build info: version: '3.141.59', revision: 'e82be7d358', time: '2018-11-14T08:17:03'
System info: host: 'ek-mm-002.local', ip: '127.0.0.1', os.name: 'Mac OS X', os.arch: 'x86_64', os.version: '10.15.3', java.version: '14.0.1'
Driver info: org.openqa.selenium.chrome.ChromeDriver
Capabilities {acceptInsecureCerts: false, browserName: chrome, browserVersion: 81.0.4044.138, chrome: {chromedriverVersion: 81.0.4044.69 (6813546031a4b..., userDataDir: /var/folders/w8/kklg_rc148n...}, goog:chromeOptions: {debuggerAddress: localhost:59964}, javascriptEnabled: true, networkConnectionEnabled: false, pageLoadStrategy: normal, platform: MAC, platformName: MAC, proxy: Proxy(), setWindowRect: true, strictFileInteractability: false, timeouts: {implicit: 0, pageLoad: 300000, script: 30000}, unhandledPromptBehavior: dismiss and notify, webauthn:virtualAuthenticators: true}
Session ID: 19be8dbaa9a3746a6812f345d89bf011
*** Element info: {Using=xpath, value=//input[@name='email']}
	at com.udemy.LoginTest.loginTest(LoginTest.java:24)
]]></failure>
    <system-err><![CDATA[Starting ChromeDriver 81.0.4044.69 (6813546031a4bc83f717a2ef7cd4ac6ec1199132-refs/branch-heads/4044@{#776}) on port 48458
Only local connections are allowed.
Please protect ports used by ChromeDriver and related test frameworks to prevent access by malicious code.
May 19, 2020 4:07:44 PM org.openqa.selenium.remote.ProtocolHandshake createSession
INFO: Detected dialect: W3C
[1589893666.109][SEVERE]: Timed out receiving message from renderer: 0.100
[1589893666.978][SEVERE]: Timed out receiving message from renderer: 0.100
[1589893667.936][SEVERE]: Timed out receiving message from renderer: 0.100
[1589893668.188][SEVERE]: Timed out receiving message from renderer: 0.100
[1589893668.339][SEVERE]: Timed out receiving message from renderer: 0.100
[1589893668.506][SEVERE]: Timed out receiving message from renderer: 0.100
[1589893668.652][SEVERE]: Timed out receiving message from renderer: 0.100
[1589893668.760][SEVERE]: Timed out receiving message from renderer: 0.100
]]></system-err>
  </testcase>
</testsuite>