<?xml version="1.0" encoding="UTF-8"?>
<testng-results ignored="0" total="2" passed="2" failed="0" skipped="0">
  <reporter-output>
  </reporter-output>
  <suite started-at="2020-05-19T17:01:34 EEST" name="UdemyWeb" finished-at="2020-05-19T17:02:11 EEST" duration-ms="37233">
    <groups>
    </groups>
    <test started-at="2020-05-19T17:01:34 EEST" name="Registration tests" finished-at="2020-05-19T17:01:57 EEST" duration-ms="23330">
      <class name="com.udemy.RegistrationTest">
        <test-method is-config="true" signature="openBrowser()[pri:0, instance:com.udemy.RegistrationTest@6ef888f6]" started-at="2020-05-19T17:01:34 EEST" name="openBrowser" description="Open browser" finished-at="2020-05-19T17:01:38 EEST" duration-ms="4265" status="PASS">
          <reporter-output>
          </reporter-output>
        </test-method> <!-- openBrowser -->
        <test-method signature="registrationWithValidData()[pri:0, instance:com.udemy.RegistrationTest@6ef888f6]" started-at="2020-05-19T17:01:38 EEST" name="registrationWithValidData" description="Registration with valid data" finished-at="2020-05-19T17:01:57 EEST" duration-ms="18782" status="PASS">
          <reporter-output>
          </reporter-output>
        </test-method> <!-- registrationWithValidData -->
        <test-method is-config="true" signature="quitBrowser()[pri:0, instance:com.udemy.RegistrationTest@6ef888f6]" started-at="2020-05-19T17:01:57 EEST" name="quitBrowser" description="Quit Browser" finished-at="2020-05-19T17:01:57 EEST" duration-ms="226" status="PASS">
          <reporter-output>
          </reporter-output>
        </test-method> <!-- quitBrowser -->
      </class> <!-- com.udemy.RegistrationTest -->
    </test> <!-- Registration tests -->
    <test started-at="2020-05-19T17:01:57 EEST" name="Login tests" finished-at="2020-05-19T17:02:11 EEST" duration-ms="13825">
      <class name="com.udemy.LoginTest">
        <test-method is-config="true" signature="openBrowser()[pri:0, instance:com.udemy.LoginTest@e056f20]" started-at="2020-05-19T17:01:57 EEST" name="openBrowser" description="Open browser" finished-at="2020-05-19T17:01:59 EEST" duration-ms="1622" status="PASS">
          <reporter-output>
          </reporter-output>
        </test-method> <!-- openBrowser -->
        <test-method signature="loginTest()[pri:0, instance:com.udemy.LoginTest@e056f20]" started-at="2020-05-19T17:01:59 EEST" name="loginTest" description="Login with Cookies" finished-at="2020-05-19T17:02:11 EEST" duration-ms="12000" status="PASS">
          <reporter-output>
          </reporter-output>
        </test-method> <!-- loginTest -->
        <test-method is-config="true" signature="quitBrowser()[pri:0, instance:com.udemy.LoginTest@e056f20]" started-at="2020-05-19T17:02:11 EEST" name="quitBrowser" description="Quit Browser" finished-at="2020-05-19T17:02:11 EEST" duration-ms="201" status="PASS">
          <reporter-output>
          </reporter-output>
        </test-method> <!-- quitBrowser -->
      </class> <!-- com.udemy.LoginTest -->
    </test> <!-- Login tests -->
  </suite> <!-- UdemyWeb -->
</testng-results>
